Flutter crash report.
Please report a bug at https://github.com/flutter/flutter/issues.

## command

flutter run -d 00008110-0008452236B9401E

## exception

SocketException: SocketException: Send failed (OS Error: No route to host, errno = 65), address = 0.0.0.0, port = 5353

```
#0      _NativeSocket.send (dart:io-patch/socket_patch.dart:1275:34)
#1      _RawDatagramSocket.send (dart:io-patch/socket_patch.dart:2590:15)
#2      MDnsClient.lookup (package:multicast_dns/multicast_dns.dart:219:22)
#3      MDnsVmServiceDiscovery._pollingVmService (package:flutter_tools/src/mdns_discovery.dart:232:66)
<asynchronous suspension>
#4      MDnsVmServiceDiscovery.firstMatchingVmService (package:flutter_tools/src/mdns_discovery.dart:188:56)
<asynchronous suspension>
#5      MDnsVmServiceDiscovery.getVMServiceUriForLaunch (package:flutter_tools/src/mdns_discovery.dart:433:50)
<asynchronous suspension>
#6      Future.any.onValue (dart:async/future.dart:628:5)
<asynchronous suspension>
```

## flutter doctor

```
[33m[!][39m Flutter (Channel [user-branch], 3.24.3, on macOS 26.2 25C56 darwin-arm64, locale ja-JP)
    [33m![39m Flutter version 3.24.3 on channel [user-branch] at
      /Users/matayoshishinshun/Dev/flutter
      Currently on an unknown channel. Run `flutter channel` to switch to an official
      channel.
      If that doesn't fix the issue, reinstall Flutter by following instructions at
      https://flutter.dev/setup.
    [33m![39m Upstream repository unknown source is not a standard remote.
      Set environment variable "FLUTTER_GIT_URL" to unknown source to dismiss this error.
    [32m•[39m Framework revision 2663184aa7 (1 year, 4 months ago), 2024-09-11 16:27:48 -0500
    [32m•[39m Engine revision 36335019a8
    [32m•[39m Dart version 3.5.3
    [32m•[39m DevTools version 2.37.3
    [32m•[39m If those were intentional, you can disregard the above warnings; however it is
      recommended to use "git" directly to perform update checks and upgrades.

[31m[✗][39m Android toolchain - develop for Android devices
    [31m✗[39m Unable to locate Android SDK.
      Install Android Studio from: https://developer.android.com/studio/index.html
      On first launch it will assist you in installing the Android SDK components.
      (or visit https://flutter.dev/to/macos-android-setup for detailed instructions).
      If the Android SDK has been installed to a custom location, please use
      `flutter config --android-sdk` to update to that location.


[32m[✓][39m Xcode - develop for iOS and macOS (Xcode 26.0.1)
    [32m•[39m Xcode at /Applications/Xcode.app/Contents/Developer
    [32m•[39m Build 17A400
    [32m•[39m CocoaPods version 1.16.2

[32m[✓][39m Chrome - develop for the web
    [32m•[39m Chrome at /Applications/Google Chrome.app/Contents/MacOS/Google Chrome

[33m[!][39m Android Studio (not installed)
    [32m•[39m Android Studio not found; download from
      https://developer.android.com/studio/index.html
      (or visit https://flutter.dev/to/macos-android-setup for detailed instructions).

[32m[✓][39m VS Code (version 1.107.1)
    [32m•[39m VS Code at /Applications/Visual Studio Code.app/Contents
    [32m•[39m Flutter extension version 3.124.0

[32m[✓][39m Connected device (5 available)
    [32m•[39m iPhone (mobile)                 • 00008110-0008452236B9401E            • ios
      • iOS 26.1 23B85
    [32m•[39m iPhone 17 (mobile)              • 92260725-B759-4488-85F7-B2F2FE9FF5B6 • ios
      • com.apple.CoreSimulator.SimRuntime.iOS-26-0 (simulator)
    [32m•[39m macOS (desktop)                 • macos                                • darwin-arm64
      • macOS 26.2 25C56 darwin-arm64
    [32m•[39m Mac Designed for iPad (desktop) • mac-designed-for-ipad                • darwin
      • macOS 26.2 25C56 darwin-arm64
    [32m•[39m Chrome (web)                    • chrome                               •
      web-javascript • Google Chrome 143.0.7499.170

[32m[✓][39m Network resources
    [32m•[39m All expected network resources are available.

[33m![39m Doctor found issues in 3 categories.
```
